<!-- MHonArc v2.1.0 -->
<!--X-Subject: [pgsql&#45;jp: 25029] optimizerの動作 -->
<!--X-From: "ARAI Shunichi" <arai@mellowtone.org> -->
<!--X-Date: Fri, 1 Mar 2002 17:27:46 +0900 -->
<!--X-Message-Id: 03f201c1c0fa$facadb80$0300a8c0@lucy2k -->
<!--X-ContentType: text/plain -->
<!--X-Head-End-->
<HTML>
<HEAD>
<TITLE>[pgsql-jp: 25029] optimizerの動作 </TITLE>
<LINK REV="made" HREF="mailto:arai@mellowtone.org">
</HEAD>
<BODY BGCOLOR="#ffffff">
<!--X-Body-Begin-->
<!--X-User-Header-->
<!--X-User-Header-End-->
<!--X-TopPNI-->
<HR>
[<A HREF="msg00004.html">Date Prev</A>][<A HREF="msg00006.html">Date Next</A>][<A HREF="msg00021.html">Thread Prev</A>][<A HREF="msg00023.html">Thread Next</A>][<A HREF="index.html#00005">Date Index</A>][<A HREF="threads.html#00005">Thread Index</A>]
<!--X-TopPNI-End-->
<!--X-MsgBody-->
<!--X-Subject-Header-Begin-->
<H1>[pgsql-jp: 25029] optimizerの動作</H1>
<HR>
<!--X-Subject-Header-End-->
<UL>
<LI><em>From</em>: "ARAI Shunichi" &lt;<A HREF="mailto:arai@mellowtone.org">arai@mellowtone.org</A>&gt;</LI>
<LI><em>Date</em>: Fri, 1 Mar 2002 17:27:46 +0900</LI>
<LI><em>Delivered-To</em>: pgsql-jp@ml.postgresql.jp</LI>
<LI><em>List-Archive</em>: &lt;http://ml.postgresql.jp/pipermail/pgsql-jp/&gt;</LI>
<LI><em>List-Help</em>: &lt;mailto:pgsql-jp-request@ml.postgresql.jp?subject=help&gt;</LI>
<LI><em>List-Id</em>: &lt;pgsql-jp.ml.postgresql.jp&gt;</LI>
<LI><em>List-Post</em>: &lt;mailto:pgsql-jp@ml.postgresql.jp&gt;</LI>
<LI><em>List-Subscribe</em>: &lt;http://ml.postgresql.jp/mailman/listinfo/pgsql-jp&gt;,&lt;mailto:pgsql-jp-request@ml.postgresql.jp?subject=subscribe&gt;</LI>
<LI><em>List-Unsubscribe</em>: &lt;http://ml.postgresql.jp/mailman/listinfo/pgsql-jp&gt;,&lt;mailto:pgsql-jp-request@ml.postgresql.jp?subject=unsubscribe&gt;</LI>
</UL>
<!--X-Head-Body-Sep-Begin-->
<HR>
<!--X-Head-Body-Sep-End-->
<!--X-Body-of-Message-->
<PRE>
新井です。
ちょっと細かいことで恐縮なのですが、気になってることがあります。

table foo (id1 integer, id2 integer)
table bar (id2 integer, updated timestamp)

というようなテーブルがあります。(全て索引付き)

SELECT updated FROM foo,bar WHERE id1=? AND foo.id2=bar.id2
ORDER BY updated DESC LIMIT 100;

そこで、上のようなクエリを発行します。

すると、foo.id1 = ?に一致するレコードが1件しかない場合と2件以上の
場合で、クエリプランが大きく変わります。

1件しかない場合、
Limit  (cost=2779.06..2779.06 rows=100 width=377)
  -&gt;  Sort  (cost=2779.06..2779.06 rows=1130 width=377)
        -&gt;  Nested Loop  (cost=0.00..2721.75 rows=1130 width=377)
              -&gt;  Seq Scan on foo ...
              -&gt;  Index Scan using bar_id2_idx on bar ...
2件以上の場合、
Limit  (cost=0.00..1278.44 rows=100 width=377)
  -&gt;  Nested Loop  (cost=0.00..63872.07 rows=4996 width=377)
        -&gt;  Index Scan Backward using bar_updated_idx on bar ...
        -&gt;  Seq Scan on foo  (cost=0.00..1.60 rows=6 width=4)
となります。

とうぜん全件をソートしない後者のほうがずっと高速です。
実際にかなりの速度差が出てしまい、仕方なくenable_sortをオフにして
使っています。(すると、全て後者のようになり、高速に動作します。)

これは私のテーブル設計やクエリの立て方に問題があるのでしょうか?
それともオプティマイザの仕様であって、enable_sortをオフにして使えば
良いのでしょうか。

バージョンはpostgres 7.2です。

-----
新井 俊一
arai@mellowtone.org
<A HREF="http://www.mellowtone.org/">http://www.mellowtone.org/</A>

</PRE>

<!--X-Body-of-Message-End-->
<!--X-MsgBody-End-->
<!--X-Follow-Ups-->
<HR>
<UL><LI><STRONG>Follow-Ups</STRONG>:
<UL>
<LI><STRONG><A NAME="00023" HREF="msg00023.html">[pgsql-jp: 25046] Re: optimizerの動作</A></STRONG>
<UL><LI><EM>From:</EM> Masaru Sugawara &lt;rk73@sea.plala.or.jp&gt;</LI></UL></LI>
</UL></LI></UL>
<!--X-Follow-Ups-End-->
<!--X-References-->
<!--X-References-End-->
<!--X-BotPNI-->
<UL>
<LI>Prev by Date:
<STRONG><A HREF="msg00004.html">[pgsql-jp: 25028] 日本語テーブル/カラム名が文字化けしてしまいます</A></STRONG>
</LI>
<LI>Next by Date:
<STRONG><A HREF="msg00006.html">[pgsql-jp: 25030] ORCA 日本医師会診療報酬システム公開</A></STRONG>
</LI>
<LI>Prev by thread:
<STRONG><A HREF="msg00021.html">[pgsql-jp: 25044] Re: ORCA 日本医師会診療報酬システム公開</A></STRONG>
</LI>
<LI>Next by thread:
<STRONG><A HREF="msg00023.html">[pgsql-jp: 25046] Re: optimizerの動作</A></STRONG>
</LI>
<LI>Index(es):
<UL>
<LI><A HREF="index.html#00005"><STRONG>Date</STRONG></A></LI>
<LI><A HREF="threads.html#00005"><STRONG>Thread</STRONG></A></LI>
</UL>
</LI>
</UL>

<!--X-BotPNI-End-->
<!--X-User-Footer-->
<!--X-User-Footer-End-->
</BODY>
</HTML>
