<!-- MHonArc v2.1.0 -->
<!--X-Subject: [pgsql&#45;jp 24061] Re: [Q] インデクスが使われない。 -->
<!--X-From: hirohito <hirohito@murata.co.jp> -->
<!--X-Date: Thu, 13 Dec 2001 10:42:36 +0900 -->
<!--X-Message-Id: 3C18078C.629C0E85@murata.co.jp -->
<!--X-ContentType: text/plain -->
<!--X-Reference-Id: 3C0F2646.4DDF246A@murata.co.jp -->
<!--X-Head-End-->
<HTML>
<HEAD>
<TITLE>[pgsql-jp 24061] Re: [Q] インデクスが使われない。 </TITLE>
<LINK REV="made" HREF="mailto:hirohito@murata.co.jp">
</HEAD>
<BODY BGCOLOR="#ffffff">
<!--X-Body-Begin-->
<!--X-User-Header-->
<!--X-User-Header-End-->
<!--X-TopPNI-->
<HR>
[<A HREF="msg00169.html">Date Prev</A>][<A HREF="msg00172.html">Date Next</A>][<A HREF="msg00168.html">Thread Prev</A>][<A HREF="msg00172.html">Thread Next</A>][<A HREF="index.html#00171">Date Index</A>][<A HREF="threads.html#00171">Thread Index</A>]
<!--X-TopPNI-End-->
<!--X-MsgBody-->
<!--X-Subject-Header-Begin-->
<H1>[pgsql-jp 24061] Re: [Q] インデクスが使われない。</H1>
<HR>
<!--X-Subject-Header-End-->
<UL>
<LI><em>From</em>: hirohito &lt;<A HREF="mailto:hirohito@murata.co.jp">hirohito@murata.co.jp</A>&gt;</LI>
<LI><em>Date</em>: Thu, 13 Dec 2001 10:42:36 +0900</LI>
<LI><em>References</em>: &lt;<A HREF="msg00101.html">3C0F2646.4DDF246A@murata.co.jp</A>&gt;</LI>
</UL>
<!--X-Head-Body-Sep-Begin-->
<HR>
<!--X-Head-Body-Sep-End-->
<!--X-Body-of-Message-->
<PRE>
ひろひとです。

フォローいただいたみなさま、ありがとうございます。

こんなSQLでも、インデクスが使われないようです。

explain select * from t0 left join t1 on t0.id_no=t1.id_no 
  where t1.hizuke between '2001/11/1' and '2001/11/2';
NOTICE:  QUERY PLAN:
Hash Join  (cost=1935.98..25919.49 rows=62679 width=992)
  -&gt;  Seq Scan on t0  (cost=0.00..5792.79 rows=62679 width=884)
  -&gt;  Hash  (cost=1119.38..1119.38 rows=43838 width=108)
        -&gt;  Seq Scan on t1  (cost=0.00..1119.38 rows=43838 width=108)

SQL通り、t0×t1してるんだろうと予想しますが、一方 inner join では、
インデクスが使われます。

explain select * from t0 inner join t1 on t0.id_no=t1.id_no 
  where t1.hizuke between '2001/11/1' and '2001/11/2';
NOTICE:  QUERY PLAN:
Nested Loop  (cost=0.00..404.84 rows=38 width=992)
  -&gt;  Index Scan using idx_t1_hizuke on t1  (cost=0.00..95.75 rows=67 width=108)
  -&gt;  Index Scan using t0_pkey on t0  (cost=0.00..4.63 rows=1 width=884)

explainを外して実行すると、両方とも同じ結果を出しますが、当然ながら速度は
全く違います。

両方とも同じQuery planを生成するように、PostgreSQLにもう少し賢くなって
もらうのを期待するのは、酷でしょうか？　


--
ひろひと
</PRE>

<!--X-Body-of-Message-End-->
<!--X-MsgBody-End-->
<!--X-Follow-Ups-->
<HR>
<UL><LI><STRONG>Follow-Ups</STRONG>:
<UL>
<LI><STRONG><A NAME="00177" HREF="msg00177.html">[pgsql-jp 24067] Re: [Q] インデクスが使われない。</A></STRONG>
<UL><LI><EM>From:</EM> Hiroshi Inoue &lt;Inoue@tpf.co.jp&gt;</LI></UL></LI>
<LI><STRONG><A NAME="00174" HREF="msg00174.html">[pgsql-jp 24064] RE: [Q] インデクスが使われない。</A></STRONG>
<UL><LI><EM>From:</EM> "Tsuru.E" &lt;tsuru@oita.hht.co.jp&gt;</LI></UL></LI>
<LI><STRONG><A NAME="00173" HREF="msg00173.html">[pgsql-jp 24063] Re: [Q] インデクスが使われない。</A></STRONG>
<UL><LI><EM>From:</EM> ISHIDA Akio &lt;iakio@pjam.jpweb.net&gt;</LI></UL></LI>
<LI><STRONG><A NAME="00172" HREF="msg00172.html">[pgsql-jp 24062] Re: [Q] インデクスが使われない。</A></STRONG>
<UL><LI><EM>From:</EM> sugita@sra.co.jp</LI></UL></LI>
</UL></LI></UL>
<!--X-Follow-Ups-End-->
<!--X-References-->
<UL><LI><STRONG>References</STRONG>:
<UL>
<LI><STRONG><A NAME="00101" HREF="msg00101.html">[pgsql-jp 23991] [Q] インデクスが使われない。</A></STRONG>
<UL><LI><EM>From:</EM> hirohito &lt;hirohito@murata.co.jp&gt;</LI></UL></LI>
</UL></LI></UL>
<!--X-References-End-->
<!--X-BotPNI-->
<UL>
<LI>Prev by Date:
<STRONG><A HREF="msg00169.html">[pgsql-jp 24059] Re: 文書のコンパイル</A></STRONG>
</LI>
<LI>Next by Date:
<STRONG><A HREF="msg00172.html">[pgsql-jp 24062] Re: [Q] インデクスが使われない。</A></STRONG>
</LI>
<LI>Prev by thread:
<STRONG><A HREF="msg00168.html">[pgsql-jp 24058] Re: [Q] インデクスが使われない。</A></STRONG>
</LI>
<LI>Next by thread:
<STRONG><A HREF="msg00172.html">[pgsql-jp 24062] Re: [Q] インデクスが使われない。</A></STRONG>
</LI>
<LI>Index(es):
<UL>
<LI><A HREF="index.html#00171"><STRONG>Date</STRONG></A></LI>
<LI><A HREF="threads.html#00171"><STRONG>Thread</STRONG></A></LI>
</UL>
</LI>
</UL>

<!--X-BotPNI-End-->
<!--X-User-Footer-->
<!--X-User-Footer-End-->
</BODY>
</HTML>
