<!-- MHonArc v2.1.0 -->
<!--X-Subject: [pgsql&#45;jp: 26423] Re: 大量データの更新 -->
<!--X-From: "Hashimoto, Masaru" <hashimoto&#45;m@comtecc.net> -->
<!--X-Date: Tue, 18 Jun 2002 14:54:23 +0900 -->
<!--X-Message-Id: 20020618143648.06E4.HASHIMOTO&#45;M@comtecc.net -->
<!--X-ContentType: text/plain -->
<!--X-Reference-Id: 20020614165236.3239.HASHIMOTO&#45;M@comtecc.net -->
<!--X-Reference-Id: 3D0D4982.D5C817E8@shonan.ne.jp -->
<!--X-Head-End-->
<HTML>
<HEAD>
<TITLE>[pgsql-jp: 26423] Re: 大量データの更新 </TITLE>
<LINK REV="made" HREF="mailto:hashimoto-m@comtecc.net">
</HEAD>
<BODY BGCOLOR="#ffffff">
<!--X-Body-Begin-->
<!--X-User-Header-->
<!--X-User-Header-End-->
<!--X-TopPNI-->
<HR>
[<A HREF="msg00201.html">Date Prev</A>][<A HREF="msg00203.html">Date Next</A>][<A HREF="msg00170.html">Thread Prev</A>][<A HREF="msg00228.html">Thread Next</A>][<A HREF="index.html#00202">Date Index</A>][<A HREF="threads.html#00202">Thread Index</A>]
<!--X-TopPNI-End-->
<!--X-MsgBody-->
<!--X-Subject-Header-Begin-->
<H1>[pgsql-jp: 26423] Re: 大量データの更新</H1>
<HR>
<!--X-Subject-Header-End-->
<UL>
<LI><em>From</em>: "Hashimoto, Masaru" &lt;<A HREF="mailto:hashimoto-m@comtecc.net">hashimoto-m@comtecc.net</A>&gt;</LI>
<LI><em>Date</em>: Tue, 18 Jun 2002 14:54:23 +0900</LI>
<LI><em>Delivered-To</em>: pgsql-jp@ml.postgresql.jp</LI>
<LI><em>List-Archive</em>: &lt;http://ml.postgresql.jp/pipermail/pgsql-jp/&gt;</LI>
<LI><em>List-Help</em>: &lt;mailto:pgsql-jp-request@ml.postgresql.jp?subject=help&gt;</LI>
<LI><em>List-Id</em>: &lt;pgsql-jp.ml.postgresql.jp&gt;</LI>
<LI><em>List-Post</em>: &lt;mailto:pgsql-jp@ml.postgresql.jp&gt;</LI>
<LI><em>List-Subscribe</em>: &lt;http://ml.postgresql.jp/mailman/listinfo/pgsql-jp&gt;,&lt;mailto:pgsql-jp-request@ml.postgresql.jp?subject=subscribe&gt;</LI>
<LI><em>List-Unsubscribe</em>: &lt;http://ml.postgresql.jp/mailman/listinfo/pgsql-jp&gt;,&lt;mailto:pgsql-jp-request@ml.postgresql.jp?subject=unsubscribe&gt;</LI>
<LI><em>References</em>: &lt;<A HREF="msg00151.html">20020614165236.3239.HASHIMOTO-M@comtecc.net</A>&gt; &lt;<A HREF="msg00170.html">3D0D4982.D5C817E8@shonan.ne.jp</A>&gt;</LI>
</UL>
<!--X-Head-Body-Sep-Begin-->
<HR>
<!--X-Head-Body-Sep-End-->
<!--X-Body-of-Message-->
<PRE>
橋本です。

&gt; ソフト工房の近藤です。
&gt; 
返信ありがとうございます。

&gt; 
&gt; &gt; 件数が少ないと割合早く終わります。
&gt; &gt; ですが、更新されていない件数はあまり多くないので、
&gt; &gt; 毎回結構な量を更新する必要があります。
&gt; &gt; 
&gt; &gt; それでも、少しでも件数を少なくするために
&gt; &gt; 差分データにするようにお願いしたのですが、
&gt; &gt; データを吐き出すシステムのほうが対応していないので
&gt; &gt; 実現できませんでした。
&gt; 
&gt; 差分データーでないということは、更新の必要がない
&gt; データーも含まれているということでしょうか。
&gt; 
はい、含まれております。

&gt; プログラムで、DB を読んで、外部データーと比較して、
&gt; 相違のあるものだけ、UPDATE するようにしては如何でしょう。
&gt; 殆んどのデーターが変更必要ならば、かえって遅くなる
&gt; のでまずいですが、変更不要のデーターがある程度ある
&gt; なら試してみる価値はあると思います。
&gt; 
&gt; ついでに、一時表に入れるのもやめて、外部データー
&gt; (多分テキストファイル)から、プログラムで直接 INSERT/UPDATE
&gt; したらどうなるでしょうか。諸処の条件によるので、早くなるか
&gt; 遅くなるかわかりませんが。
&gt; 
今回のWORKテーブルに入れて更新するという処理の前には、
近藤様のおっしゃってる通りの方法を考えておりました。
ただし、あまりにも時間がかかってしまったために
その処理はやめて、WORKテーブルに入れる方法に変更しました。
どうも70万回のSELECT文だけでもかなりの時間がかかっていたようです。
（そのときは全部で数時間単位の実行速度でした）

それで、いろいろ調査をしてみた結果、
UPDATEの場合もINSERTの場合もINDEXが使用されていないようです。
user_idの方はTB作成時にidをPRIMARY KEYにしていしてます。
また、work_user_tbの方はidでINDEXを作成しています。

これをIndex Scanにすることができれば、
少しは早くなるような気がするのですが・・・
ちなみに、それぞれをSQL文をSELECTに置き換えても同じ結果でした。

＝UPDATEの場合のEXPLAIN＝
Nested Loop  (cost=0.00..472022230.82 rows=2634084249 width=1784)
  -&gt;  Seq Scan on user_tb  (cost=0.00..359796.33 rows=3629 width=957)
  -&gt;  Seq Scan on work_user_tb  (cost=0.00..122708.21 rows=725821 width=827)

＝INSERTの場合のEXPLAIN＝
Merge Join  (cost=831927.47..844629.34 rows=725821 width=198)
  -&gt;  Sort  (cost=327584.18..327584.18 rows=725821 width=132)
        -&gt;  Seq Scan on work_user_tb  (cost=0.00..122708.21 rows=725821 width=132)
  -&gt;  Sort  (cost=504343.29..504343.29 rows=725822 width=66)
        -&gt;  Seq Scan on user_tb  (cost=0.00..356167.22 rows=725822 width=66)



</PRE>

<!--X-Body-of-Message-End-->
<!--X-MsgBody-End-->
<!--X-Follow-Ups-->
<HR>
<UL><LI><STRONG>Follow-Ups</STRONG>:
<UL>
<LI><STRONG><A NAME="00228" HREF="msg00228.html">[pgsql-jp: 26449] Re: 大量データの更新</A></STRONG>
<UL><LI><EM>From:</EM> sugita@sra.co.jp</LI></UL></LI>
</UL></LI></UL>
<!--X-Follow-Ups-End-->
<!--X-References-->
<UL><LI><STRONG>References</STRONG>:
<UL>
<LI><STRONG><A NAME="00151" HREF="msg00151.html">[pgsql-jp: 26372] Re: 大量データの更新</A></STRONG>
<UL><LI><EM>From:</EM> "Hashimoto, Masaru" &lt;hashimoto-m@comtecc.net&gt;</LI></UL></LI>
<LI><STRONG><A NAME="00170" HREF="msg00170.html">[pgsql-jp: 26391] Re: 大量データの更新</A></STRONG>
<UL><LI><EM>From:</EM> Naofumi Kondoh &lt;nkon@shonan.ne.jp&gt;</LI></UL></LI>
</UL></LI></UL>
<!--X-References-End-->
<!--X-BotPNI-->
<UL>
<LI>Prev by Date:
<STRONG><A HREF="msg00201.html">[pgsql-jp: 26422] Re: JavaScript 併用C/S 風 WEB アプリ見本</A></STRONG>
</LI>
<LI>Next by Date:
<STRONG><A HREF="msg00203.html">[pgsql-jp: 26424] Re: JavaScript 併用C/S 風 WEB アプリ見本</A></STRONG>
</LI>
<LI>Prev by thread:
<STRONG><A HREF="msg00170.html">[pgsql-jp: 26391] Re: 大量データの更新</A></STRONG>
</LI>
<LI>Next by thread:
<STRONG><A HREF="msg00228.html">[pgsql-jp: 26449] Re: 大量データの更新</A></STRONG>
</LI>
<LI>Index(es):
<UL>
<LI><A HREF="index.html#00202"><STRONG>Date</STRONG></A></LI>
<LI><A HREF="threads.html#00202"><STRONG>Thread</STRONG></A></LI>
</UL>
</LI>
</UL>

<!--X-BotPNI-End-->
<!--X-User-Footer-->
<!--X-User-Footer-End-->
</BODY>
</HTML>
